<?xml version="1.0" encoding="UTF-8"?>
<!-- Generated by org.testng.reporters.JUnitReportReporter -->
<testsuite hostname="abhaik-ws01" name="learnSelenium._09_TestNG_Annotations" tests="10" failures="0" timestamp="26 May 2017 09:20:27 GMT" time="0.216" errors="0">
  <testcase name="test7" time="0.004" classname="learnSelenium._09_TestNG_Annotations"/>
  <testcase name="test10" time="0.013" classname="learnSelenium._09_TestNG_Annotations"/>
  <testcase name="test5" time="0.008" classname="learnSelenium._09_TestNG_Annotations"/>
  <testcase name="test3" time="0.051" classname="learnSelenium._09_TestNG_Annotations"/>
  <testcase name="test4" time="0.004" classname="learnSelenium._09_TestNG_Annotations"/>
  <testcase name="test1" time="0.023" classname="learnSelenium._09_TestNG_Annotations"/>
  <testcase name="test8" time="0.004" classname="learnSelenium._09_TestNG_Annotations"/>
  <testcase name="test6" time="0.004" classname="learnSelenium._09_TestNG_Annotations"/>
  <testcase name="test2" time="0.095" classname="learnSelenium._09_TestNG_Annotations"/>
  <testcase name="test9" time="0.010" classname="learnSelenium._09_TestNG_Annotations"/>
</testsuite> <!-- learnSelenium._09_TestNG_Annotations -->
