<?xml version="1.0" encoding="UTF-8"?>
<!-- Generated by org.testng.reporters.JUnitReportReporter -->
<testsuite hostname="abhaik-ws01" name="com.test.learnmaven3._15_1_DataProvider" tests="3" failures="0" timestamp="18 May 2017 09:26:06 GMT" time="15.031" errors="0">
  <testcase name="test" time="5.023" classname="com.test.learnmaven3._15_1_DataProvider"/>
  <testcase name="test" time="5.003" classname="com.test.learnmaven3._15_1_DataProvider"/>
  <testcase name="test" time="5.005" classname="com.test.learnmaven3._15_1_DataProvider"/>
</testsuite> <!-- com.test.learnmaven3._15_1_DataProvider -->
