<?xml version="1.0" encoding="UTF-8"?>
<!-- Generated by org.testng.reporters.JUnitReportReporter -->
<testsuite hostname="abhaik-ws01" name="com.test.learnmaven3._01_ParallelProcessingUsingTestNG" tests="4" failures="0" timestamp="11 May 2017 12:09:03 GMT" time="47.911" errors="0">
  <testcase name="test3" time="12.651" classname="com.test.learnmaven3._01_ParallelProcessingUsingTestNG"/>
  <testcase name="test4" time="11.572" classname="com.test.learnmaven3._01_ParallelProcessingUsingTestNG"/>
  <testcase name="test2" time="11.746" classname="com.test.learnmaven3._01_ParallelProcessingUsingTestNG"/>
  <testcase name="test1" time="11.942" classname="com.test.learnmaven3._01_ParallelProcessingUsingTestNG"/>
</testsuite> <!-- com.test.learnmaven3._01_ParallelProcessingUsingTestNG -->
