<?xml version="1.0" encoding="UTF-8"?>
<!-- Generated by org.testng.reporters.JUnitReportReporter -->
<testsuite hostname="abhaik-ws01" name="com.test.learnmaven3._02_LaunchBrowsers" tests="1" failures="0" timestamp="9 May 2017 13:12:24 GMT" time="34.869" errors="0">
  <testcase name="phantomJs" time="34.869" classname="com.test.learnmaven3._02_LaunchBrowsers"/>
</testsuite> <!-- com.test.learnmaven3._02_LaunchBrowsers -->
