<?xml version="1.0" encoding="UTF-8"?>
<!-- Generated by org.testng.reporters.JUnitReportReporter -->
<testsuite hostname="abhaik-ws01" name="com.test.learnmaven3._09_TestNG_Annotations" tests="10" failures="0" timestamp="9 May 2017 13:12:24 GMT" time="0.036" errors="0">
  <testcase name="test4" time="0.003" classname="com.test.learnmaven3._09_TestNG_Annotations"/>
  <testcase name="test10" time="0.001" classname="com.test.learnmaven3._09_TestNG_Annotations"/>
  <testcase name="test5" time="0.002" classname="com.test.learnmaven3._09_TestNG_Annotations"/>
  <testcase name="test9" time="0.005" classname="com.test.learnmaven3._09_TestNG_Annotations"/>
  <testcase name="test1" time="0.003" classname="com.test.learnmaven3._09_TestNG_Annotations"/>
  <testcase name="test3" time="0.002" classname="com.test.learnmaven3._09_TestNG_Annotations"/>
  <testcase name="test2" time="0.002" classname="com.test.learnmaven3._09_TestNG_Annotations"/>
  <testcase name="test8" time="0.002" classname="com.test.learnmaven3._09_TestNG_Annotations"/>
  <testcase name="test6" time="0.014" classname="com.test.learnmaven3._09_TestNG_Annotations"/>
  <testcase name="test7" time="0.002" classname="com.test.learnmaven3._09_TestNG_Annotations"/>
</testsuite> <!-- com.test.learnmaven3._09_TestNG_Annotations -->
