<?xml version="1.0" encoding="UTF-8"?>
<!-- Generated by org.testng.reporters.JUnitReportReporter -->
<testsuite hostname="abhaik-ws01" name="com.test.learnmaven3._04_Screenshots" tests="10" failures="0" timestamp="15 May 2017 13:14:35 GMT" time="314.640" errors="0">
  <testcase name="ss2" time="29.224" classname="com.test.learnmaven3._04_Screenshots"/>
  <testcase name="ss4" time="34.593" classname="com.test.learnmaven3._04_Screenshots"/>
  <testcase name="ss7" time="28.844" classname="com.test.learnmaven3._04_Screenshots"/>
  <testcase name="ss5" time="41.140" classname="com.test.learnmaven3._04_Screenshots"/>
  <testcase name="ss9" time="17.140" classname="com.test.learnmaven3._04_Screenshots"/>
  <testcase name="ss6" time="44.807" classname="com.test.learnmaven3._04_Screenshots"/>
  <testcase name="ss10" time="18.930" classname="com.test.learnmaven3._04_Screenshots"/>
  <testcase name="ss8" time="49.751" classname="com.test.learnmaven3._04_Screenshots"/>
  <testcase name="ss1" time="32.546" classname="com.test.learnmaven3._04_Screenshots"/>
  <testcase name="ss3" time="17.665" classname="com.test.learnmaven3._04_Screenshots"/>
</testsuite> <!-- com.test.learnmaven3._04_Screenshots -->
