<?xml version="1.0" encoding="UTF-8"?>
<!-- Generated by org.testng.reporters.JUnitReportReporter -->
<testsuite hostname="abhaik-ws01" name="com.test.learnmaven3._17_ReporterForTestNG" tests="2" failures="0" timestamp="19 May 2017 06:28:08 GMT" time="0.022" errors="0">
  <testcase name="test2" time="0.005" classname="com.test.learnmaven3._17_ReporterForTestNG"/>
  <testcase name="test1" time="0.017" classname="com.test.learnmaven3._17_ReporterForTestNG"/>
</testsuite> <!-- com.test.learnmaven3._17_ReporterForTestNG -->
