<?xml version="1.0" encoding="UTF-8"?>
<!-- Generated by org.testng.reporters.JUnitReportReporter -->
<testsuite hostname="abhaik-ws01" name="learnSelenium.LaunchBrowser" tests="1" failures="0" timestamp="15 Oct 2017 10:17:30 GMT" time="12.695" errors="0">
  <testcase name="runBrowser" time="12.695" classname="learnSelenium.LaunchBrowser"/>
</testsuite> <!-- learnSelenium.LaunchBrowser -->
