<?xml version="1.0" encoding="UTF-8"?>
<!-- Generated by org.testng.reporters.JUnitReportReporter -->
<testsuite hostname="abhaik-ws01" name="com.test.learnmaven3._09_TestNG_Annotations" tests="4" failures="0" timestamp="9 May 2017 11:16:41 GMT" time="0.018" errors="0">
  <testcase name="test1" time="0.004" classname="com.test.learnmaven3._09_TestNG_Annotations"/>
  <testcase name="test4" time="0.004" classname="com.test.learnmaven3._09_TestNG_Annotations"/>
  <testcase name="test3" time="0.004" classname="com.test.learnmaven3._09_TestNG_Annotations"/>
  <testcase name="test2" time="0.006" classname="com.test.learnmaven3._09_TestNG_Annotations"/>
</testsuite> <!-- com.test.learnmaven3._09_TestNG_Annotations -->
