<?xml version="1.0" encoding="UTF-8"?>
<!-- Generated by org.testng.reporters.JUnitReportReporter -->
<testsuite hostname="abhaik-ws01" name="learnSelenium.LaunchBrowser" tests="1" failures="0" timestamp="31 Jul 2017 11:01:23 GMT" time="14.430" errors="0">
  <testcase name="runBrowser" time="14.430" classname="learnSelenium.LaunchBrowser"/>
</testsuite> <!-- learnSelenium.LaunchBrowser -->
