<?xml version="1.0" encoding="UTF-8"?>
<!-- Generated by org.testng.reporters.JUnitReportReporter -->
<testsuite hostname="abhaik-ws01" name="com.test.learnmaven3._01_ParallelProcessingUsingTestNG" tests="4" failures="0" timestamp="9 May 2017 02:10:45 GMT" time="120.052" errors="0">
  <testcase name="test3" time="30.017" classname="com.test.learnmaven3._01_ParallelProcessingUsingTestNG"/>
  <testcase name="test1" time="30.015" classname="com.test.learnmaven3._01_ParallelProcessingUsingTestNG"/>
  <testcase name="test2" time="30.013" classname="com.test.learnmaven3._01_ParallelProcessingUsingTestNG"/>
  <testcase name="test4" time="30.007" classname="com.test.learnmaven3._01_ParallelProcessingUsingTestNG"/>
</testsuite> <!-- com.test.learnmaven3._01_ParallelProcessingUsingTestNG -->
